Flow report for RAM_Pulse_Gen_ver0_1
Tue Apr 19 12:00:15 2016
Quartus II 64-Bit Version 13.1.0 Build 162 10/23/2013 SJ Web Edition


---------------------
; Table of Contents ;
---------------------
  1. Legal Notice
  2. Flow Summary
  3. Flow Settings
  4. Flow Non-Default Global Settings
  5. Flow Elapsed Time
  6. Flow OS Summary
  7. Flow Log
  8. Flow Messages
  9. Flow Suppressed Messages



----------------
; Legal Notice ;
----------------
Copyright (C) 1991-2013 Altera Corporation
Your use of Altera Corporation's design tools, logic functions 
and other software and tools, and its AMPP partner logic 
functions, and any output files from any of the foregoing 
(including device programming or simulation files), and any 
associated documentation or information are expressly subject 
to the terms and conditions of the Altera Program License 
Subscription Agreement, Altera MegaCore Function License 
Agreement, or other applicable license agreement, including, 
without limitation, that your use is for the sole purpose of 
programming logic devices manufactured by Altera and sold by 
Altera or its authorized distributors.  Please refer to the 
applicable agreement for further details.



+---------------------------------------------------------------------------------+
; Flow Summary                                                                    ;
+------------------------------------+--------------------------------------------+
; Flow Status                        ; Successful - Tue Apr 19 12:00:15 2016      ;
; Quartus II 64-Bit Version          ; 13.1.0 Build 162 10/23/2013 SJ Web Edition ;
; Revision Name                      ; RAM_Pulse_Gen_ver0_1                       ;
; Top-level Entity Name              ; RAM_Pulse_Gen_ver0_1_top                   ;
; Family                             ; Cyclone III                                ;
; Device                             ; EP3C25F324C6                               ;
; Timing Models                      ; Final                                      ;
; Total logic elements               ; 3 / 24,624 ( < 1 % )                       ;
;     Total combinational functions  ; 3 / 24,624 ( < 1 % )                       ;
;     Dedicated logic registers      ; 3 / 24,624 ( < 1 % )                       ;
; Total registers                    ; 3                                          ;
; Total pins                         ; 19 / 216 ( 9 % )                           ;
; Total virtual pins                 ; 0                                          ;
; Total memory bits                  ; 144 / 608,256 ( < 1 % )                    ;
; Embedded Multiplier 9-bit elements ; 0 / 132 ( 0 % )                            ;
; Total PLLs                         ; 1 / 4 ( 25 % )                             ;
+------------------------------------+--------------------------------------------+


+------------------------------------------+
; Flow Settings                            ;
+-------------------+----------------------+
; Option            ; Setting              ;
+-------------------+----------------------+
; Start date & time ; 04/19/2016 11:59:09  ;
; Main task         ; Compilation          ;
; Revision Name     ; RAM_Pulse_Gen_ver0_1 ;
+-------------------+----------------------+


+------------------------------------------------------------------------------------------------------------------------------------------------+
; Flow Non-Default Global Settings                                                                                                               ;
+-------------------------------------+---------------------------------------+----------------------+--------------------------+----------------+
; Assignment Name                     ; Value                                 ; Default Value        ; Entity Name              ; Section Id     ;
+-------------------------------------+---------------------------------------+----------------------+--------------------------+----------------+
; COMPILER_SIGNATURE_ID               ; 240778345783947.146103114909476       ; --                   ; --                       ; --             ;
; EDA_OUTPUT_DATA_FORMAT              ; Vhdl                                  ; --                   ; --                       ; eda_simulation ;
; EDA_SIMULATION_TOOL                 ; ModelSim-Altera (VHDL)                ; <None>               ; --                       ; --             ;
; IP_TOOL_NAME                        ; ROM: 1-PORT                           ; --                   ; --                       ; --             ;
; IP_TOOL_NAME                        ; ALTPLL                                ; --                   ; --                       ; --             ;
; IP_TOOL_VERSION                     ; 13.1                                  ; --                   ; --                       ; --             ;
; IP_TOOL_VERSION                     ; 13.1                                  ; --                   ; --                       ; --             ;
; MAX_CORE_JUNCTION_TEMP              ; 85                                    ; --                   ; --                       ; --             ;
; MIN_CORE_JUNCTION_TEMP              ; 0                                     ; --                   ; --                       ; --             ;
; MISC_FILE                           ; rom1port.bsf                          ; --                   ; --                       ; --             ;
; MISC_FILE                           ; rom1port_bb.v                         ; --                   ; --                       ; --             ;
; MISC_FILE                           ; rom1port_syn.v                        ; --                   ; --                       ; --             ;
; MISC_FILE                           ; altpll0.bsf                           ; --                   ; --                       ; --             ;
; MISC_FILE                           ; altpll0_bb.v                          ; --                   ; --                       ; --             ;
; MISC_FILE                           ; altpll0.ppf                           ; --                   ; --                       ; --             ;
; NOMINAL_CORE_SUPPLY_VOLTAGE         ; 1.2V                                  ; --                   ; --                       ; --             ;
; PARTITION_COLOR                     ; 16764057                              ; --                   ; RAM_Pulse_Gen_ver0_1_top ; Top            ;
; PARTITION_FITTER_PRESERVATION_LEVEL ; PLACEMENT_AND_ROUTING                 ; --                   ; RAM_Pulse_Gen_ver0_1_top ; Top            ;
; PARTITION_NETLIST_TYPE              ; SOURCE                                ; --                   ; RAM_Pulse_Gen_ver0_1_top ; Top            ;
; POWER_BOARD_THERMAL_MODEL           ; None (CONSERVATIVE)                   ; --                   ; --                       ; --             ;
; POWER_PRESET_COOLING_SOLUTION       ; 23 MM HEAT SINK WITH 200 LFPM AIRFLOW ; --                   ; --                       ; --             ;
; PROJECT_OUTPUT_DIRECTORY            ; output_files                          ; --                   ; --                       ; --             ;
; TOP_LEVEL_ENTITY                    ; RAM_Pulse_Gen_ver0_1_top              ; RAM_Pulse_Gen_ver0_1 ; --                       ; --             ;
+-------------------------------------+---------------------------------------+----------------------+--------------------------+----------------+


+-------------------------------------------------------------------------------------------------------------------------------+
; Flow Elapsed Time                                                                                                             ;
+---------------------------+--------------+-------------------------+---------------------+------------------------------------+
; Module Name               ; Elapsed Time ; Average Processors Used ; Peak Virtual Memory ; Total CPU Time (on all processors) ;
+---------------------------+--------------+-------------------------+---------------------+------------------------------------+
; Analysis & Synthesis      ; 00:00:06     ; 1.0                     ; 482 MB              ; 00:00:04                           ;
; Fitter                    ; 00:00:27     ; 1.0                     ; 750 MB              ; 00:00:21                           ;
; Assembler                 ; 00:00:05     ; 1.0                     ; 444 MB              ; 00:00:04                           ;
; TimeQuest Timing Analyzer ; 00:00:07     ; 1.0                     ; 474 MB              ; 00:00:06                           ;
; EDA Netlist Writer        ; 00:00:03     ; 1.0                     ; 392 MB              ; 00:00:02                           ;
; Total                     ; 00:00:48     ; --                      ; --                  ; 00:00:37                           ;
+---------------------------+--------------+-------------------------+---------------------+------------------------------------+


+----------------------------------------------------------------------------------------+
; Flow OS Summary                                                                        ;
+---------------------------+------------------+-----------+------------+----------------+
; Module Name               ; Machine Hostname ; OS Name   ; OS Version ; Processor type ;
+---------------------------+------------------+-----------+------------+----------------+
; Analysis & Synthesis      ; PC050029         ; Windows 7 ; 6.1        ; x86_64         ;
; Fitter                    ; PC050029         ; Windows 7 ; 6.1        ; x86_64         ;
; Assembler                 ; PC050029         ; Windows 7 ; 6.1        ; x86_64         ;
; TimeQuest Timing Analyzer ; PC050029         ; Windows 7 ; 6.1        ; x86_64         ;
; EDA Netlist Writer        ; PC050029         ; Windows 7 ; 6.1        ; x86_64         ;
+---------------------------+------------------+-----------+------------+----------------+


------------
; Flow Log ;
------------
quartus_map --read_settings_files=on --write_settings_files=off RAM_Pulse_Gen_ver0_1 -c RAM_Pulse_Gen_ver0_1
quartus_fit --read_settings_files=off --write_settings_files=off RAM_Pulse_Gen_ver0_1 -c RAM_Pulse_Gen_ver0_1
quartus_asm --read_settings_files=off --write_settings_files=off RAM_Pulse_Gen_ver0_1 -c RAM_Pulse_Gen_ver0_1
quartus_sta RAM_Pulse_Gen_ver0_1 -c RAM_Pulse_Gen_ver0_1
quartus_eda --read_settings_files=off --write_settings_files=off RAM_Pulse_Gen_ver0_1 -c RAM_Pulse_Gen_ver0_1



